<?xml version="1.0" encoding="UTF-8"?>
<testsuite xmlns:xsi="http://www.w3.org/2001/XMLSchema-instance" xsi:noNamespaceSchemaLocation="https://maven.apache.org/surefire/maven-surefire-plugin/xsd/surefire-test-report.xsd" version="3.0.2" name="com.ruffinjy.starwave_gateway.StarwaveApplicationTests" time="3.442" tests="1" errors="0" skipped="0" failures="0">
  <properties>
[...]
</properties>
  <testcase name="contextLoads" classname="com.ruffinjy.starwave_gateway.StarwaveApplicationTests" time="0.581">
    <system-out><![CDATA[13:59:59.859 [main] INFO org.springframework.test.context.support.AnnotationConfigContextLoaderUtils -- Could not detect default configuration classes for test class [com.ruffinjy.starwave_gateway.StarwaveApplicationTests]: StarwaveApplicationTests does not declare any static, non-private, non-final, nested classes annotated with @Configuration.
13:59:59.977 [main] INFO org.springframework.boot.test.context.SpringBootTestContextBootstrapper -- Found @SpringBootConfiguration com.ruffinjy.starwave_gateway.StarwaveGatewayApplication for test class com.ruffinjy.starwave_gateway.StarwaveApplicationTests

  .   ____          _            __ _ _
 /\\ / ___'_ __ _ _(_)_ __  __ _ \ \ \ \
( ( )\___ | '_ | '_| | '_ \/ _` | \ \ \ \
 \\/  ___)| |_)| | | | | || (_| |  ) ) ) )
  '  |____| .__|_| |_|_| |_\__, | / / / /
 =========|_|==============|___/=/_/_/_/

 :: Spring Boot ::                (v3.4.5)

2026-03-22T14:00:00.651+01:00  INFO 17076 --- [           main] c.r.s.StarwaveApplicationTests           : Starting StarwaveApplicationTests using Java 24.0.2 with PID 17076 (started by ruffi in C:\Users\ruffi\WORKSPACE\S.T.A.R.W.A.V.E. (SETI Tracking & Analysis of Radio Waves for ESA)\gateway)
2026-03-22T14:00:00.652+01:00  INFO 17076 --- [           main] c.r.s.StarwaveApplicationTests           : No active profile set, falling back to 1 default profile: "default"
2026-03-22T14:00:01.422+01:00  INFO 17076 --- [           main] o.s.cloud.context.scope.GenericScope     : BeanFactory id=238d8749-e693-3b37-96e1-2c7d9b13b0be
2026-03-22T14:00:02.163+01:00  INFO 17076 --- [           main] o.s.c.g.r.RouteDefinitionRouteLocator    : Loaded RoutePredicateFactory [After]
2026-03-22T14:00:02.163+01:00  INFO 17076 --- [           main] o.s.c.g.r.RouteDefinitionRouteLocator    : Loaded RoutePredicateFactory [Before]
2026-03-22T14:00:02.163+01:00  INFO 17076 --- [           main] o.s.c.g.r.RouteDefinitionRouteLocator    : Loaded RoutePredicateFactory [Between]
2026-03-22T14:00:02.163+01:00  INFO 17076 --- [           main] o.s.c.g.r.RouteDefinitionRouteLocator    : Loaded RoutePredicateFactory [Cookie]
2026-03-22T14:00:02.163+01:00  INFO 17076 --- [           main] o.s.c.g.r.RouteDefinitionRouteLocator    : Loaded RoutePredicateFactory [Header]
2026-03-22T14:00:02.164+01:00  INFO 17076 --- [           main] o.s.c.g.r.RouteDefinitionRouteLocator    : Loaded RoutePredicateFactory [Host]
2026-03-22T14:00:02.164+01:00  INFO 17076 --- [           main] o.s.c.g.r.RouteDefinitionRouteLocator    : Loaded RoutePredicateFactory [Method]
2026-03-22T14:00:02.164+01:00  INFO 17076 --- [           main] o.s.c.g.r.RouteDefinitionRouteLocator    : Loaded RoutePredicateFactory [Path]
2026-03-22T14:00:02.164+01:00  INFO 17076 --- [           main] o.s.c.g.r.RouteDefinitionRouteLocator    : Loaded RoutePredicateFactory [Query]
2026-03-22T14:00:02.164+01:00  INFO 17076 --- [           main] o.s.c.g.r.RouteDefinitionRouteLocator    : Loaded RoutePredicateFactory [ReadBody]
2026-03-22T14:00:02.164+01:00  INFO 17076 --- [           main] o.s.c.g.r.RouteDefinitionRouteLocator    : Loaded RoutePredicateFactory [RemoteAddr]
2026-03-22T14:00:02.164+01:00  INFO 17076 --- [           main] o.s.c.g.r.RouteDefinitionRouteLocator    : Loaded RoutePredicateFactory [XForwardedRemoteAddr]
2026-03-22T14:00:02.164+01:00  INFO 17076 --- [           main] o.s.c.g.r.RouteDefinitionRouteLocator    : Loaded RoutePredicateFactory [Weight]
2026-03-22T14:00:02.164+01:00  INFO 17076 --- [           main] o.s.c.g.r.RouteDefinitionRouteLocator    : Loaded RoutePredicateFactory [CloudFoundryRouteService]
2026-03-22T14:00:02.579+01:00  INFO 17076 --- [           main] c.r.s.StarwaveApplicationTests           : Started StarwaveApplicationTests in 2.31 seconds (process running for 3.366)
]]></system-out>
    <system-err><![CDATA[Mockito is currently self-attaching to enable the inline-mock-maker. This will no longer work in future releases of the JDK. Please add Mockito as an agent to your build what is described in Mockito's documentation: https://javadoc.io/doc/org.mockito/mockito-core/latest/org/mockito/Mockito.html#0.3
WARNING: A Java agent has been loaded dynamically (C:\Users\ruffi\.m2\repository\net\bytebuddy\byte-buddy-agent\1.15.11\byte-buddy-agent-1.15.11.jar)
WARNING: If a serviceability tool is in use, please run with -XX:+EnableDynamicAgentLoading to hide this warning
WARNING: If a serviceability tool is not in use, please run with -Djdk.instrument.traceUsage for more information
WARNING: Dynamic loading of agents will be disallowed by default in a future release
]]></system-err>
  </testcase>
</testsuite>